2015-10-16 11:58:24,209 INFO  [org.alfresco.repo.admin] [localhost-startStop-1] Using database URL 'jdbc:mysql:///alfresco' with user 'alfresco'.
2015-10-16 11:58:24,210 ERROR [org.springframework.web.context.ContextLoader] [localhost-startStop-1] Context initialization failed
org.springframework.beans.factory.BeanCreationException: Error creating bean with name 'org.springframework.beans.factory.config.CustomEditorConfigurer#0' defined in class path resource [alfresco/core-services-context.xml]: Cannot resolve reference to bean 'customPropertyEditorRegistrar' while setting bean property 'propertyEditorRegistrars' with key [0]; nested exception is org.springframework.beans.factory.BeanCreationException: Error creating bean with name 'customPropertyEditorRegistrar' defined in class path resource [alfresco/core-services-context.xml]: Cannot resolve reference to bean 'NamespaceService' while setting bean property 'namespaceService'; nested exception is org.springframework.beans.factory.BeanCreationException: Error creating bean with name 'dictionaryDAO' defined in class path resource [alfresco/core-services-context.xml]: Cannot resolve reference to bean 'tenantService' while setting bean property 'tenantService'; nested exception is org.springframework.beans.factory.BeanCreationException: Error creating bean with name 'tenantService' defined in URL [jar:file:/C:/Users/maksud.sharif/Documents/workspace-sts-3.7.0.RELEASE/maven.1444922205092/content-tutorial/content-tutorial-repo/target/content-tutorial-repo-war/WEB-INF/lib/alfresco-repository-5.0.d.jar!/alfresco/mt/mt-context.xml]: Cannot resolve reference to bean 'tenantAdminDAO' while setting bean property 'tenantAdminDAO'; nested exception is org.springframework.beans.factory.BeanCreationException: Error creating bean with name 'tenantAdminDAO' defined in class path resource [alfresco/dao/dao-context.xml]: Cannot resolve reference to bean 'repoSqlSessionTemplate' while setting bean property 'sqlSessionTemplate'; nested exception is org.springframework.beans.factory.BeanCreationException: Error creating bean with name 'repoSqlSessionTemplate' defined in class path resource [alfresco/ibatis/ibatis-context.xml]: Cannot resolve reference to bean 'repoSqlSessionFactory' while setting constructor argument; nested exception is org.springframework.beans.factory.BeanCreationException: Error creating bean with name 'repoSqlSessionFactory' defined in class path resource [alfresco/ibatis/ibatis-context.xml]: Cannot resolve reference to bean 'dialectResourceLoader' while setting bean property 'resourceLoader'; nested exception is org.springframework.beans.factory.BeanCreationException: Error creating bean with name 'dialectResourceLoader' defined in class path resource [alfresco/ibatis/ibatis-context.xml]: Cannot create inner bean 'org.springframework.beans.factory.config.PropertyPathFactoryBean#35762c41' of type [org.springframework.beans.factory.config.PropertyPathFactoryBean] while setting bean property 'dialectClass'; nested exception is org.springframework.beans.factory.BeanCreationException: Error creating bean with name 'org.springframework.beans.factory.config.PropertyPathFactoryBean#35762c41' defined in class path resource [alfresco/ibatis/ibatis-context.xml]: Initialization of bean failed; nested exception is org.springframework.beans.factory.BeanCreationException: Error creating bean with name 'dialect' defined in class path resource [alfresco/hibernate-context.xml]: Cannot resolve reference to bean '&sessionFactory' while setting bean property 'localSessionFactory'; nested exception is org.springframework.beans.factory.BeanCreationException: Error creating bean with name 'dataSourceCheck' defined in class path resource [alfresco/core-services-context.xml]: Instantiation of bean failed; nested exception is org.springframework.beans.BeanInstantiationException: Could not instantiate bean class [org.alfresco.repo.domain.schema.DataSourceCheck]: Constructor threw exception; nested exception is java.lang.RuntimeException: Database connection failed: Cannot load JDBC driver class 'org.gjt.mm.mysql.Driver'
	at org.springframework.beans.factory.support.BeanDefinitionValueResolver.resolveReference(BeanDefinitionValueResolver.java:334)
	at org.springframework.beans.factory.support.BeanDefinitionValueResolver.resolveValueIfNecessary(BeanDefinitionValueResolver.java:108)
	at org.springframework.beans.factory.support.BeanDefinitionValueResolver.resolveManagedList(BeanDefinitionValueResolver.java:358)
	at org.springframework.beans.factory.support.BeanDefinitionValueResolver.resolveValueIfNecessary(BeanDefinitionValueResolver.java:157)
	at org.springframework.beans.factory.support.AbstractAutowireCapableBeanFactory.applyPropertyValues(AbstractAutowireCapableBeanFactory.java:1418)
	at org.springframework.beans.factory.support.AbstractAutowireCapableBeanFactory.populateBean(AbstractAutowireCapableBeanFactory.java:1159)
	at org.springframework.beans.factory.support.AbstractAutowireCapableBeanFactory.doCreateBean(AbstractAutowireCapableBeanFactory.java:519)
	at org.springframework.beans.factory.support.AbstractAutowireCapableBeanFactory.createBean(AbstractAutowireCapableBeanFactory.java:458)
	at org.springframework.beans.factory.support.AbstractBeanFactory$1.getObject(AbstractBeanFactory.java:293)
	at org.springframework.beans.factory.support.DefaultSingletonBeanRegistry.getSingleton(DefaultSingletonBeanRegistry.java:223)
	at org.springframework.beans.factory.support.AbstractBeanFactory.doGetBean(AbstractBeanFactory.java:290)
	at org.springframework.beans.factory.support.AbstractBeanFactory.getBean(AbstractBeanFactory.java:195)
	at org.springframework.context.support.AbstractApplicationContext.getBean(AbstractApplicationContext.java:1121)
	at org.springframework.context.support.AbstractApplicationContext.invokeBeanFactoryPostProcessors(AbstractApplicationContext.java:674)
	at org.springframework.context.support.AbstractApplicationContext.refresh(AbstractApplicationContext.java:461)
	at org.springframework.web.context.ContextLoader.configureAndRefreshWebApplicationContext(ContextLoader.java:410)
	at org.springframework.web.context.ContextLoader.initWebApplicationContext(ContextLoader.java:306)
	at org.springframework.web.context.ContextLoaderListener.contextInitialized(ContextLoaderListener.java:112)
	at org.alfresco.web.app.ContextLoaderListener.contextInitialized(ContextLoaderListener.java:63)
	at org.apache.catalina.core.StandardContext.listenerStart(StandardContext.java:4939)
	at org.apache.catalina.core.StandardContext.startInternal(StandardContext.java:5434)
	at org.apache.catalina.util.LifecycleBase.start(LifecycleBase.java:150)
	at org.apache.catalina.core.ContainerBase$StartChild.call(ContainerBase.java:1559)
	at org.apache.catalina.core.ContainerBase$StartChild.call(ContainerBase.java:1549)
	at java.util.concurrent.FutureTask.run(FutureTask.java:266)
	at java.util.concurrent.ThreadPoolExecutor.runWorker(ThreadPoolExecutor.java:1142)
	at java.util.concurrent.ThreadPoolExecutor$Worker.run(ThreadPoolExecutor.java:617)
	at java.lang.Thread.run(Thread.java:745)
Caused by: org.springframework.beans.factory.BeanCreationException: Error creating bean with name 'customPropertyEditorRegistrar' defined in class path resource [alfresco/core-services-context.xml]: Cannot resolve reference to bean 'NamespaceService' while setting bean property 'namespaceService'; nested exception is org.springframework.beans.factory.BeanCreationException: Error creating bean with name 'dictionaryDAO' defined in class path resource [alfresco/core-services-context.xml]: Cannot resolve reference to bean 'tenantService' while setting bean property 'tenantService'; nested exception is org.springframework.beans.factory.BeanCreationException: Error creating bean with name 'tenantService' defined in URL [jar:file:/C:/Users/maksud.sharif/Documents/workspace-sts-3.7.0.RELEASE/maven.1444922205092/content-tutorial/content-tutorial-repo/target/content-tutorial-repo-war/WEB-INF/lib/alfresco-repository-5.0.d.jar!/alfresco/mt/mt-context.xml]: Cannot resolve reference to bean 'tenantAdminDAO' while setting bean property 'tenantAdminDAO'; nested exception is org.springframework.beans.factory.BeanCreationException: Error creating bean with name 'tenantAdminDAO' defined in class path resource [alfresco/dao/dao-context.xml]: Cannot resolve reference to bean 'repoSqlSessionTemplate' while setting bean property 'sqlSessionTemplate'; nested exception is org.springframework.beans.factory.BeanCreationException: Error creating bean with name 'repoSqlSessionTemplate' defined in class path resource [alfresco/ibatis/ibatis-context.xml]: Cannot resolve reference to bean 'repoSqlSessionFactory' while setting constructor argument; nested exception is org.springframework.beans.factory.BeanCreationException: Error creating bean with name 'repoSqlSessionFactory' defined in class path resource [alfresco/ibatis/ibatis-context.xml]: Cannot resolve reference to bean 'dialectResourceLoader' while setting bean property 'resourceLoader'; nested exception is org.springframework.beans.factory.BeanCreationException: Error creating bean with name 'dialectResourceLoader' defined in class path resource [alfresco/ibatis/ibatis-context.xml]: Cannot create inner bean 'org.springframework.beans.factory.config.PropertyPathFactoryBean#35762c41' of type [org.springframework.beans.factory.config.PropertyPathFactoryBean] while setting bean property 'dialectClass'; nested exception is org.springframework.beans.factory.BeanCreationException: Error creating bean with name 'org.springframework.beans.factory.config.PropertyPathFactoryBean#35762c41' defined in class path resource [alfresco/ibatis/ibatis-context.xml]: Initialization of bean failed; nested exception is org.springframework.beans.factory.BeanCreationException: Error creating bean with name 'dialect' defined in class path resource [alfresco/hibernate-context.xml]: Cannot resolve reference to bean '&sessionFactory' while setting bean property 'localSessionFactory'; nested exception is org.springframework.beans.factory.BeanCreationException: Error creating bean with name 'dataSourceCheck' defined in class path resource [alfresco/core-services-context.xml]: Instantiation of bean failed; nested exception is org.springframework.beans.BeanInstantiationException: Could not instantiate bean class [org.alfresco.repo.domain.schema.DataSourceCheck]: Constructor threw exception; nested exception is java.lang.RuntimeException: Database connection failed: Cannot load JDBC driver class 'org.gjt.mm.mysql.Driver'
	at org.springframework.beans.factory.support.BeanDefinitionValueResolver.resolveReference(BeanDefinitionValueResolver.java:334)
	at org.springframework.beans.factory.support.BeanDefinitionValueResolver.resolveValueIfNecessary(BeanDefinitionValueResolver.java:108)
	at org.springframework.beans.factory.support.AbstractAutowireCapableBeanFactory.applyPropertyValues(AbstractAutowireCapableBeanFactory.java:1418)
	at org.springframework.beans.factory.support.AbstractAutowireCapableBeanFactory.populateBean(AbstractAutowireCapableBeanFactory.java:1159)
	at org.springframework.beans.factory.support.AbstractAutowireCapableBeanFactory.doCreateBean(AbstractAutowireCapableBeanFactory.java:519)
	at org.springframework.beans.factory.support.AbstractAutowireCapableBeanFactory.createBean(AbstractAutowireCapableBeanFactory.java:458)
	at org.springframework.beans.factory.support.AbstractBeanFactory$1.getObject(AbstractBeanFactory.java:293)
	at org.springframework.beans.factory.support.DefaultSingletonBeanRegistry.getSingleton(DefaultSingletonBeanRegistry.java:223)
	at org.springframework.beans.factory.support.AbstractBeanFactory.doGetBean(AbstractBeanFactory.java:290)
	at org.springframework.beans.factory.support.AbstractBeanFactory.getBean(AbstractBeanFactory.java:191)
	at org.springframework.beans.factory.support.BeanDefinitionValueResolver.resolveReference(BeanDefinitionValueResolver.java:328)
	... 27 more
Caused by: org.springframework.beans.factory.BeanCreationException: Error creating bean with name 'dictionaryDAO' defined in class path resource [alfresco/core-services-context.xml]: Cannot resolve reference to bean 'tenantService' while setting bean property 'tenantService'; nested exception is org.springframework.beans.factory.BeanCreationException: Error creating bean with name 'tenantService' defined in URL [jar:file:/C:/Users/maksud.sharif/Documents/workspace-sts-3.7.0.RELEASE/maven.1444922205092/content-tutorial/content-tutorial-repo/target/content-tutorial-repo-war/WEB-INF/lib/alfresco-repository-5.0.d.jar!/alfresco/mt/mt-context.xml]: Cannot resolve reference to bean 'tenantAdminDAO' while setting bean property 'tenantAdminDAO'; nested exception is org.springframework.beans.factory.BeanCreationException: Error creating bean with name 'tenantAdminDAO' defined in class path resource [alfresco/dao/dao-context.xml]: Cannot resolve reference to bean 'repoSqlSessionTemplate' while setting bean property 'sqlSessionTemplate'; nested exception is org.springframework.beans.factory.BeanCreationException: Error creating bean with name 'repoSqlSessionTemplate' defined in class path resource [alfresco/ibatis/ibatis-context.xml]: Cannot resolve reference to bean 'repoSqlSessionFactory' while setting constructor argument; nested exception is org.springframework.beans.factory.BeanCreationException: Error creating bean with name 'repoSqlSessionFactory' defined in class path resource [alfresco/ibatis/ibatis-context.xml]: Cannot resolve reference to bean 'dialectResourceLoader' while setting bean property 'resourceLoader'; nested exception is org.springframework.beans.factory.BeanCreationException: Error creating bean with name 'dialectResourceLoader' defined in class path resource [alfresco/ibatis/ibatis-context.xml]: Cannot create inner bean 'org.springframework.beans.factory.config.PropertyPathFactoryBean#35762c41' of type [org.springframework.beans.factory.config.PropertyPathFactoryBean] while setting bean property 'dialectClass'; nested exception is org.springframework.beans.factory.BeanCreationException: Error creating bean with name 'org.springframework.beans.factory.config.PropertyPathFactoryBean#35762c41' defined in class path resource [alfresco/ibatis/ibatis-context.xml]: Initialization of bean failed; nested exception is org.springframework.beans.factory.BeanCreationException: Error creating bean with name 'dialect' defined in class path resource [alfresco/hibernate-context.xml]: Cannot resolve reference to bean '&sessionFactory' while setting bean property 'localSessionFactory'; nested exception is org.springframework.beans.factory.BeanCreationException: Error creating bean with name 'dataSourceCheck' defined in class path resource [alfresco/core-services-context.xml]: Instantiation of bean failed; nested exception is org.springframework.beans.BeanInstantiationException: Could not instantiate bean class [org.alfresco.repo.domain.schema.DataSourceCheck]: Constructor threw exception; nested exception is java.lang.RuntimeException: Database connection failed: Cannot load JDBC driver class 'org.gjt.mm.mysql.Driver'
	at org.springframework.beans.factory.support.BeanDefinitionValueResolver.resolveReference(BeanDefinitionValueResolver.java:334)
	at org.springframework.beans.factory.support.BeanDefinitionValueResolver.resolveValueIfNecessary(BeanDefinitionValueResolver.java:108)
	at org.springframework.beans.factory.support.AbstractAutowireCapableBeanFactory.applyPropertyValues(AbstractAutowireCapableBeanFactory.java:1418)
	at org.springframework.beans.factory.support.AbstractAutowireCapableBeanFactory.populateBean(AbstractAutowireCapableBeanFactory.java:1159)
	at org.springframework.beans.factory.support.AbstractAutowireCapableBeanFactory.doCreateBean(AbstractAutowireCapableBeanFactory.java:519)
	at org.springframework.beans.factory.support.AbstractAutowireCapableBeanFactory.createBean(AbstractAutowireCapableBeanFactory.java:458)
	at org.springframework.beans.factory.support.AbstractBeanFactory$1.getObject(AbstractBeanFactory.java:293)
	at org.springframework.beans.factory.support.DefaultSingletonBeanRegistry.getSingleton(DefaultSingletonBeanRegistry.java:223)
	at org.springframework.beans.factory.support.AbstractBeanFactory.doGetBean(AbstractBeanFactory.java:290)
	at org.springframework.beans.factory.support.AbstractBeanFactory.getBean(AbstractBeanFactory.java:191)
	at org.springframework.beans.factory.support.AbstractBeanFactory.doGetBean(AbstractBeanFactory.java:283)
	at org.springframework.beans.factory.support.AbstractBeanFactory.getBean(AbstractBeanFactory.java:191)
	at org.springframework.beans.factory.support.BeanDefinitionValueResolver.resolveReference(BeanDefinitionValueResolver.java:328)
	... 37 more
Caused by: org.springframework.beans.factory.BeanCreationException: Error creating bean with name 'tenantService' defined in URL [jar:file:/C:/Users/maksud.sharif/Documents/workspace-sts-3.7.0.RELEASE/maven.1444922205092/content-tutorial/content-tutorial-repo/target/content-tutorial-repo-war/WEB-INF/lib/alfresco-repository-5.0.d.jar!/alfresco/mt/mt-context.xml]: Cannot resolve reference to bean 'tenantAdminDAO' while setting bean property 'tenantAdminDAO'; nested exception is org.springframework.beans.factory.BeanCreationException: Error creating bean with name 'tenantAdminDAO' defined in class path resource [alfresco/dao/dao-context.xml]: Cannot resolve reference to bean 'repoSqlSessionTemplate' while setting bean property 'sqlSessionTemplate'; nested exception is org.springframework.beans.factory.BeanCreationException: Error creating bean with name 'repoSqlSessionTemplate' defined in class path resource [alfresco/ibatis/ibatis-context.xml]: Cannot resolve reference to bean 'repoSqlSessionFactory' while setting constructor argument; nested exception is org.springframework.beans.factory.BeanCreationException: Error creating bean with name 'repoSqlSessionFactory' defined in class path resource [alfresco/ibatis/ibatis-context.xml]: Cannot resolve reference to bean 'dialectResourceLoader' while setting bean property 'resourceLoader'; nested exception is org.springframework.beans.factory.BeanCreationException: Error creating bean with name 'dialectResourceLoader' defined in class path resource [alfresco/ibatis/ibatis-context.xml]: Cannot create inner bean 'org.springframework.beans.factory.config.PropertyPathFactoryBean#35762c41' of type [org.springframework.beans.factory.config.PropertyPathFactoryBean] while setting bean property 'dialectClass'; nested exception is org.springframework.beans.factory.BeanCreationException: Error creating bean with name 'org.springframework.beans.factory.config.PropertyPathFactoryBean#35762c41' defined in class path resource [alfresco/ibatis/ibatis-context.xml]: Initialization of bean failed; nested exception is org.springframework.beans.factory.BeanCreationException: Error creating bean with name 'dialect' defined in class path resource [alfresco/hibernate-context.xml]: Cannot resolve reference to bean '&sessionFactory' while setting bean property 'localSessionFactory'; nested exception is org.springframework.beans.factory.BeanCreationException: Error creating bean with name 'dataSourceCheck' defined in class path resource [alfresco/core-services-context.xml]: Instantiation of bean failed; nested exception is org.springframework.beans.BeanInstantiationException: Could not instantiate bean class [org.alfresco.repo.domain.schema.DataSourceCheck]: Constructor threw exception; nested exception is java.lang.RuntimeException: Database connection failed: Cannot load JDBC driver class 'org.gjt.mm.mysql.Driver'
	at org.springframework.beans.factory.support.BeanDefinitionValueResolver.resolveReference(BeanDefinitionValueResolver.java:334)
	at org.springframework.beans.factory.support.BeanDefinitionValueResolver.resolveValueIfNecessary(BeanDefinitionValueResolver.java:108)
	at org.springframework.beans.factory.support.AbstractAutowireCapableBeanFactory.applyPropertyValues(AbstractAutowireCapableBeanFactory.java:1418)
	at org.springframework.beans.factory.support.AbstractAutowireCapableBeanFactory.populateBean(AbstractAutowireCapableBeanFactory.java:1159)
	at org.springframework.beans.factory.support.AbstractAutowireCapableBeanFactory.doCreateBean(AbstractAutowireCapableBeanFactory.java:519)
	at org.springframework.beans.factory.support.AbstractAutowireCapableBeanFactory.createBean(AbstractAutowireCapableBeanFactory.java:458)
	at org.springframework.beans.factory.support.AbstractBeanFactory$1.getObject(AbstractBeanFactory.java:293)
	at org.springframework.beans.factory.support.DefaultSingletonBeanRegistry.getSingleton(DefaultSingletonBeanRegistry.java:223)
	at org.springframework.beans.factory.support.AbstractBeanFactory.doGetBean(AbstractBeanFactory.java:290)
	at org.springframework.beans.factory.support.AbstractBeanFactory.getBean(AbstractBeanFactory.java:191)
	at org.springframework.beans.factory.support.BeanDefinitionValueResolver.resolveReference(BeanDefinitionValueResolver.java:328)
	... 49 more
Caused by: org.springframework.beans.factory.BeanCreationException: Error creating bean with name 'tenantAdminDAO' defined in class path resource [alfresco/dao/dao-context.xml]: Cannot resolve reference to bean 'repoSqlSessionTemplate' while setting bean property 'sqlSessionTemplate'; nested exception is org.springframework.beans.factory.BeanCreationException: Error creating bean with name 'repoSqlSessionTemplate' defined in class path resource [alfresco/ibatis/ibatis-context.xml]: Cannot resolve reference to bean 'repoSqlSessionFactory' while setting constructor argument; nested exception is org.springframework.beans.factory.BeanCreationException: Error creating bean with name 'repoSqlSessionFactory' defined in class path resource [alfresco/ibatis/ibatis-context.xml]: Cannot resolve reference to bean 'dialectResourceLoader' while setting bean property 'resourceLoader'; nested exception is org.springframework.beans.factory.BeanCreationException: Error creating bean with name 'dialectResourceLoader' defined in class path resource [alfresco/ibatis/ibatis-context.xml]: Cannot create inner bean 'org.springframework.beans.factory.config.PropertyPathFactoryBean#35762c41' of type [org.springframework.beans.factory.config.PropertyPathFactoryBean] while setting bean property 'dialectClass'; nested exception is org.springframework.beans.factory.BeanCreationException: Error creating bean with name 'org.springframework.beans.factory.config.PropertyPathFactoryBean#35762c41' defined in class path resource [alfresco/ibatis/ibatis-context.xml]: Initialization of bean failed; nested exception is org.springframework.beans.factory.BeanCreationException: Error creating bean with name 'dialect' defined in class path resource [alfresco/hibernate-context.xml]: Cannot resolve reference to bean '&sessionFactory' while setting bean property 'localSessionFactory'; nested exception is org.springframework.beans.factory.BeanCreationException: Error creating bean with name 'dataSourceCheck' defined in class path resource [alfresco/core-services-context.xml]: Instantiation of bean failed; nested exception is org.springframework.beans.BeanInstantiationException: Could not instantiate bean class [org.alfresco.repo.domain.schema.DataSourceCheck]: Constructor threw exception; nested exception is java.lang.RuntimeException: Database connection failed: Cannot load JDBC driver class 'org.gjt.mm.mysql.Driver'
	at org.springframework.beans.factory.support.BeanDefinitionValueResolver.resolveReference(BeanDefinitionValueResolver.java:334)
	at org.springframework.beans.factory.support.BeanDefinitionValueResolver.resolveValueIfNecessary(BeanDefinitionValueResolver.java:108)
	at org.springframework.beans.factory.support.AbstractAutowireCapableBeanFactory.applyPropertyValues(AbstractAutowireCapableBeanFactory.java:1418)
	at org.springframework.beans.factory.support.AbstractAutowireCapableBeanFactory.populateBean(AbstractAutowireCapableBeanFactory.java:1159)
	at org.springframework.beans.factory.support.AbstractAutowireCapableBeanFactory.doCreateBean(AbstractAutowireCapableBeanFactory.java:519)
	at org.springframework.beans.factory.support.AbstractAutowireCapableBeanFactory.createBean(AbstractAutowireCapableBeanFactory.java:458)
	at org.springframework.beans.factory.support.AbstractBeanFactory$1.getObject(AbstractBeanFactory.java:293)
	at org.springframework.beans.factory.support.DefaultSingletonBeanRegistry.getSingleton(DefaultSingletonBeanRegistry.java:223)
	at org.springframework.beans.factory.support.AbstractBeanFactory.doGetBean(AbstractBeanFactory.java:290)
	at org.springframework.beans.factory.support.AbstractBeanFactory.getBean(AbstractBeanFactory.java:191)
	at org.springframework.beans.factory.support.BeanDefinitionValueResolver.resolveReference(BeanDefinitionValueResolver.java:328)
	... 59 more
Caused by: org.springframework.beans.factory.BeanCreationException: Error creating bean with name 'repoSqlSessionTemplate' defined in class path resource [alfresco/ibatis/ibatis-context.xml]: Cannot resolve reference to bean 'repoSqlSessionFactory' while setting constructor argument; nested exception is org.springframework.beans.factory.BeanCreationException: Error creating bean with name 'repoSqlSessionFactory' defined in class path resource [alfresco/ibatis/ibatis-context.xml]: Cannot resolve reference to bean 'dialectResourceLoader' while setting bean property 'resourceLoader'; nested exception is org.springframework.beans.factory.BeanCreationException: Error creating bean with name 'dialectResourceLoader' defined in class path resource [alfresco/ibatis/ibatis-context.xml]: Cannot create inner bean 'org.springframework.beans.factory.config.PropertyPathFactoryBean#35762c41' of type [org.springframework.beans.factory.config.PropertyPathFactoryBean] while setting bean property 'dialectClass'; nested exception is org.springframework.beans.factory.BeanCreationException: Error creating bean with name 'org.springframework.beans.factory.config.PropertyPathFactoryBean#35762c41' defined in class path resource [alfresco/ibatis/ibatis-context.xml]: Initialization of bean failed; nested exception is org.springframework.beans.factory.BeanCreationException: Error creating bean with name 'dialect' defined in class path resource [alfresco/hibernate-context.xml]: Cannot resolve reference to bean '&sessionFactory' while setting bean property 'localSessionFactory'; nested exception is org.springframework.beans.factory.BeanCreationException: Error creating bean with name 'dataSourceCheck' defined in class path resource [alfresco/core-services-context.xml]: Instantiation of bean failed; nested exception is org.springframework.beans.BeanInstantiationException: Could not instantiate bean class [org.alfresco.repo.domain.schema.DataSourceCheck]: Constructor threw exception; nested exception is java.lang.RuntimeException: Database connection failed: Cannot load JDBC driver class 'org.gjt.mm.mysql.Driver'
	at org.springframework.beans.factory.support.BeanDefinitionValueResolver.resolveReference(BeanDefinitionValueResolver.java:334)
	at org.springframework.beans.factory.support.BeanDefinitionValueResolver.resolveValueIfNecessary(BeanDefinitionValueResolver.java:108)
	at org.springframework.beans.factory.support.ConstructorResolver.resolveConstructorArguments(ConstructorResolver.java:637)
	at org.springframework.beans.factory.support.ConstructorResolver.autowireConstructor(ConstructorResolver.java:145)
	at org.springframework.beans.factory.support.AbstractAutowireCapableBeanFactory.autowireConstructor(AbstractAutowireCapableBeanFactory.java:1076)
	at org.springframework.beans.factory.support.AbstractAutowireCapableBeanFactory.createBeanInstance(AbstractAutowireCapableBeanFactory.java:980)
	at org.springframework.beans.factory.support.AbstractAutowireCapableBeanFactory.doCreateBean(AbstractAutowireCapableBeanFactory.java:487)
	at org.springframework.beans.factory.support.AbstractAutowireCapableBeanFactory.createBean(AbstractAutowireCapableBeanFactory.java:458)
	at org.springframework.beans.factory.support.AbstractBeanFactory$1.getObject(AbstractBeanFactory.java:293)
	at org.springframework.beans.factory.support.DefaultSingletonBeanRegistry.getSingleton(DefaultSingletonBeanRegistry.java:223)
	at org.springframework.beans.factory.support.AbstractBeanFactory.doGetBean(AbstractBeanFactory.java:290)
	at org.springframework.beans.factory.support.AbstractBeanFactory.getBean(AbstractBeanFactory.java:191)
	at org.springframework.beans.factory.support.BeanDefinitionValueResolver.resolveReference(BeanDefinitionValueResolver.java:328)
	... 69 more
Caused by: org.springframework.beans.factory.BeanCreationException: Error creating bean with name 'repoSqlSessionFactory' defined in class path resource [alfresco/ibatis/ibatis-context.xml]: Cannot resolve reference to bean 'dialectResourceLoader' while setting bean property 'resourceLoader'; nested exception is org.springframework.beans.factory.BeanCreationException: Error creating bean with name 'dialectResourceLoader' defined in class path resource [alfresco/ibatis/ibatis-context.xml]: Cannot create inner bean 'org.springframework.beans.factory.config.PropertyPathFactoryBean#35762c41' of type [org.springframework.beans.factory.config.PropertyPathFactoryBean] while setting bean property 'dialectClass'; nested exception is org.springframework.beans.factory.BeanCreationException: Error creating bean with name 'org.springframework.beans.factory.config.PropertyPathFactoryBean#35762c41' defined in class path resource [alfresco/ibatis/ibatis-context.xml]: Initialization of bean failed; nested exception is org.springframework.beans.factory.BeanCreationException: Error creating bean with name 'dialect' defined in class path resource [alfresco/hibernate-context.xml]: Cannot resolve reference to bean '&sessionFactory' while setting bean property 'localSessionFactory'; nested exception is org.springframework.beans.factory.BeanCreationException: Error creating bean with name 'dataSourceCheck' defined in class path resource [alfresco/core-services-context.xml]: Instantiation of bean failed; nested exception is org.springframework.beans.BeanInstantiationException: Could not instantiate bean class [org.alfresco.repo.domain.schema.DataSourceCheck]: Constructor threw exception; nested exception is java.lang.RuntimeException: Database connection failed: Cannot load JDBC driver class 'org.gjt.mm.mysql.Driver'
	at org.springframework.beans.factory.support.BeanDefinitionValueResolver.resolveReference(BeanDefinitionValueResolver.java:334)
	at org.springframework.beans.factory.support.BeanDefinitionValueResolver.resolveValueIfNecessary(BeanDefinitionValueResolver.java:108)
	at org.springframework.beans.factory.support.AbstractAutowireCapableBeanFactory.applyPropertyValues(AbstractAutowireCapableBeanFactory.java:1418)
	at org.springframework.beans.factory.support.AbstractAutowireCapableBeanFactory.populateBean(AbstractAutowireCapableBeanFactory.java:1159)
	at org.springframework.beans.factory.support.AbstractAutowireCapableBeanFactory.doCreateBean(AbstractAutowireCapableBeanFactory.java:519)
	at org.springframework.beans.factory.support.AbstractAutowireCapableBeanFactory.createBean(AbstractAutowireCapableBeanFactory.java:458)
	at org.springframework.beans.factory.support.AbstractBeanFactory$1.getObject(AbstractBeanFactory.java:293)
	at org.springframework.beans.factory.support.DefaultSingletonBeanRegistry.getSingleton(DefaultSingletonBeanRegistry.java:223)
	at org.springframework.beans.factory.support.AbstractBeanFactory.doGetBean(AbstractBeanFactory.java:290)
	at org.springframework.beans.factory.support.AbstractBeanFactory.getBean(AbstractBeanFactory.java:191)
	at org.springframework.beans.factory.support.BeanDefinitionValueResolver.resolveReference(BeanDefinitionValueResolver.java:328)
	... 81 more
Caused by: org.springframework.beans.factory.BeanCreationException: Error creating bean with name 'dialectResourceLoader' defined in class path resource [alfresco/ibatis/ibatis-context.xml]: Cannot create inner bean 'org.springframework.beans.factory.config.PropertyPathFactoryBean#35762c41' of type [org.springframework.beans.factory.config.PropertyPathFactoryBean] while setting bean property 'dialectClass'; nested exception is org.springframework.beans.factory.BeanCreationException: Error creating bean with name 'org.springframework.beans.factory.config.PropertyPathFactoryBean#35762c41' defined in class path resource [alfresco/ibatis/ibatis-context.xml]: Initialization of bean failed; nested exception is org.springframework.beans.factory.BeanCreationException: Error creating bean with name 'dialect' defined in class path resource [alfresco/hibernate-context.xml]: Cannot resolve reference to bean '&sessionFactory' while setting bean property 'localSessionFactory'; nested exception is org.springframework.beans.factory.BeanCreationException: Error creating bean with name 'dataSourceCheck' defined in class path resource [alfresco/core-services-context.xml]: Instantiation of bean failed; nested exception is org.springframework.beans.BeanInstantiationException: Could not instantiate bean class [org.alfresco.repo.domain.schema.DataSourceCheck]: Constructor threw exception; nested exception is java.lang.RuntimeException: Database connection failed: Cannot load JDBC driver class 'org.gjt.mm.mysql.Driver'
	at org.springframework.beans.factory.support.BeanDefinitionValueResolver.resolveInnerBean(BeanDefinitionValueResolver.java:287)
	at org.springframework.beans.factory.support.BeanDefinitionValueResolver.resolveValueIfNecessary(BeanDefinitionValueResolver.java:122)
	at org.springframework.beans.factory.support.AbstractAutowireCapableBeanFactory.applyPropertyValues(AbstractAutowireCapableBeanFactory.java:1418)
	at org.springframework.beans.factory.support.AbstractAutowireCapableBeanFactory.populateBean(AbstractAutowireCapableBeanFactory.java:1159)
	at org.springframework.beans.factory.support.AbstractAutowireCapableBeanFactory.doCreateBean(AbstractAutowireCapableBeanFactory.java:519)
	at org.springframework.beans.factory.support.AbstractAutowireCapableBeanFactory.createBean(AbstractAutowireCapableBeanFactory.java:458)
	at org.springframework.beans.factory.support.AbstractBeanFactory$1.getObject(AbstractBeanFactory.java:293)
	at org.springframework.beans.factory.support.DefaultSingletonBeanRegistry.getSingleton(DefaultSingletonBeanRegistry.java:223)
	at org.springframework.beans.factory.support.AbstractBeanFactory.doGetBean(AbstractBeanFactory.java:290)
	at org.springframework.beans.factory.support.AbstractBeanFactory.getBean(AbstractBeanFactory.java:191)
	at org.springframework.beans.factory.support.BeanDefinitionValueResolver.resolveReference(BeanDefinitionValueResolver.java:328)
	... 91 more
Caused by: org.springframework.beans.factory.BeanCreationException: Error creating bean with name 'org.springframework.beans.factory.config.PropertyPathFactoryBean#35762c41' defined in class path resource [alfresco/ibatis/ibatis-context.xml]: Initialization of bean failed; nested exception is org.springframework.beans.factory.BeanCreationException: Error creating bean with name 'dialect' defined in class path resource [alfresco/hibernate-context.xml]: Cannot resolve reference to bean '&sessionFactory' while setting bean property 'localSessionFactory'; nested exception is org.springframework.beans.factory.BeanCreationException: Error creating bean with name 'dataSourceCheck' defined in class path resource [alfresco/core-services-context.xml]: Instantiation of bean failed; nested exception is org.springframework.beans.BeanInstantiationException: Could not instantiate bean class [org.alfresco.repo.domain.schema.DataSourceCheck]: Constructor threw exception; nested exception is java.lang.RuntimeException: Database connection failed: Cannot load JDBC driver class 'org.gjt.mm.mysql.Driver'
	at org.springframework.beans.factory.support.AbstractAutowireCapableBeanFactory.doCreateBean(AbstractAutowireCapableBeanFactory.java:529)
	at org.springframework.beans.factory.support.AbstractAutowireCapableBeanFactory.createBean(AbstractAutowireCapableBeanFactory.java:458)
	at org.springframework.beans.factory.support.BeanDefinitionValueResolver.resolveInnerBean(BeanDefinitionValueResolver.java:276)
	... 101 more
Caused by: org.springframework.beans.factory.BeanCreationException: Error creating bean with name 'dialect' defined in class path resource [alfresco/hibernate-context.xml]: Cannot resolve reference to bean '&sessionFactory' while setting bean property 'localSessionFactory'; nested exception is org.springframework.beans.factory.BeanCreationException: Error creating bean with name 'dataSourceCheck' defined in class path resource [alfresco/core-services-context.xml]: Instantiation of bean failed; nested exception is org.springframework.beans.BeanInstantiationException: Could not instantiate bean class [org.alfresco.repo.domain.schema.DataSourceCheck]: Constructor threw exception; nested exception is java.lang.RuntimeException: Database connection failed: Cannot load JDBC driver class 'org.gjt.mm.mysql.Driver'
	at org.springframework.beans.factory.support.BeanDefinitionValueResolver.resolveReference(BeanDefinitionValueResolver.java:334)
	at org.springframework.beans.factory.support.BeanDefinitionValueResolver.resolveValueIfNecessary(BeanDefinitionValueResolver.java:108)
	at org.springframework.beans.factory.support.AbstractAutowireCapableBeanFactory.applyPropertyValues(AbstractAutowireCapableBeanFactory.java:1418)
	at org.springframework.beans.factory.support.AbstractAutowireCapableBeanFactory.populateBean(AbstractAutowireCapableBeanFactory.java:1159)
	at org.springframework.beans.factory.support.AbstractAutowireCapableBeanFactory.doCreateBean(AbstractAutowireCapableBeanFactory.java:519)
	at org.springframework.beans.factory.support.AbstractAutowireCapableBeanFactory.createBean(AbstractAutowireCapableBeanFactory.java:458)
	at org.springframework.beans.factory.support.AbstractBeanFactory$1.getObject(AbstractBeanFactory.java:293)
	at org.springframework.beans.factory.support.DefaultSingletonBeanRegistry.getSingleton(DefaultSingletonBeanRegistry.java:223)
	at org.springframework.beans.factory.support.AbstractBeanFactory.doGetBean(AbstractBeanFactory.java:290)
	at org.springframework.beans.factory.support.AbstractBeanFactory.getBean(AbstractBeanFactory.java:191)
	at org.springframework.beans.factory.support.AbstractBeanFactory.isSingleton(AbstractBeanFactory.java:412)
	at org.springframework.beans.factory.config.PropertyPathFactoryBean.setBeanFactory(PropertyPathFactoryBean.java:184)
	at org.springframework.beans.factory.support.AbstractAutowireCapableBeanFactory.invokeAwareMethods(AbstractAutowireCapableBeanFactory.java:1533)
	at org.springframework.beans.factory.support.AbstractAutowireCapableBeanFactory.initializeBean(AbstractAutowireCapableBeanFactory.java:1501)
	at org.springframework.beans.factory.support.AbstractAutowireCapableBeanFactory.doCreateBean(AbstractAutowireCapableBeanFactory.java:521)
	... 103 more
Caused by: org.springframework.beans.factory.BeanCreationException: Error creating bean with name 'dataSourceCheck' defined in class path resource [alfresco/core-services-context.xml]: Instantiation of bean failed; nested exception is org.springframework.beans.BeanInstantiationException: Could not instantiate bean class [org.alfresco.repo.domain.schema.DataSourceCheck]: Constructor threw exception; nested exception is java.lang.RuntimeException: Database connection failed: Cannot load JDBC driver class 'org.gjt.mm.mysql.Driver'
	at org.springframework.beans.factory.support.ConstructorResolver.autowireConstructor(ConstructorResolver.java:285)
	at org.springframework.beans.factory.support.AbstractAutowireCapableBeanFactory.autowireConstructor(AbstractAutowireCapableBeanFactory.java:1076)
	at org.springframework.beans.factory.support.AbstractAutowireCapableBeanFactory.createBeanInstance(AbstractAutowireCapableBeanFactory.java:980)
	at org.springframework.beans.factory.support.AbstractAutowireCapableBeanFactory.doCreateBean(AbstractAutowireCapableBeanFactory.java:487)
	at org.springframework.beans.factory.support.AbstractAutowireCapableBeanFactory.createBean(AbstractAutowireCapableBeanFactory.java:458)
	at org.springframework.beans.factory.support.AbstractBeanFactory$1.getObject(AbstractBeanFactory.java:293)
	at org.springframework.beans.factory.support.DefaultSingletonBeanRegistry.getSingleton(DefaultSingletonBeanRegistry.java:223)
	at org.springframework.beans.factory.support.AbstractBeanFactory.doGetBean(AbstractBeanFactory.java:290)
	at org.springframework.beans.factory.support.AbstractBeanFactory.getBean(AbstractBeanFactory.java:191)
	at org.springframework.beans.factory.support.AbstractBeanFactory.doGetBean(AbstractBeanFactory.java:283)
	at org.springframework.beans.factory.support.AbstractBeanFactory.getBean(AbstractBeanFactory.java:191)
	at org.springframework.beans.factory.support.BeanDefinitionValueResolver.resolveReference(BeanDefinitionValueResolver.java:328)
	... 117 more
Caused by: org.springframework.beans.BeanInstantiationException: Could not instantiate bean class [org.alfresco.repo.domain.schema.DataSourceCheck]: Constructor threw exception; nested exception is java.lang.RuntimeException: Database connection failed: Cannot load JDBC driver class 'org.gjt.mm.mysql.Driver'
	at org.springframework.beans.BeanUtils.instantiateClass(BeanUtils.java:163)
	at org.springframework.beans.factory.support.SimpleInstantiationStrategy.instantiate(SimpleInstantiationStrategy.java:121)
	at org.springframework.beans.factory.support.ConstructorResolver.autowireConstructor(ConstructorResolver.java:277)
	... 128 more
Caused by: java.lang.RuntimeException: Database connection failed: Cannot load JDBC driver class 'org.gjt.mm.mysql.Driver'
	at org.alfresco.repo.domain.schema.DataSourceCheck.<init>(DataSourceCheck.java:59)
	at sun.reflect.NativeConstructorAccessorImpl.newInstance0(Native Method)
	at sun.reflect.NativeConstructorAccessorImpl.newInstance(NativeConstructorAccessorImpl.java:62)
	at sun.reflect.DelegatingConstructorAccessorImpl.newInstance(DelegatingConstructorAccessorImpl.java:45)
	at java.lang.reflect.Constructor.newInstance(Constructor.java:422)
	at org.springframework.beans.BeanUtils.instantiateClass(BeanUtils.java:148)
	... 130 more
Caused by: org.apache.commons.dbcp.SQLNestedException: Cannot load JDBC driver class 'org.gjt.mm.mysql.Driver'
	at org.apache.commons.dbcp.BasicDataSource.createConnectionFactory(BasicDataSource.java:1429)
	at org.apache.commons.dbcp.BasicDataSource.createDataSource(BasicDataSource.java:1371)
	at org.apache.commons.dbcp.BasicDataSource.getConnection(BasicDataSource.java:1044)
	at org.alfresco.repo.domain.schema.DataSourceCheck.<init>(DataSourceCheck.java:53)
	... 135 more
Caused by: java.lang.ClassNotFoundException: org.gjt.mm.mysql.Driver
	at org.apache.catalina.loader.WebappClassLoader.loadClass(WebappClassLoader.java:1702)
	at org.apache.catalina.loader.WebappClassLoader.loadClass(WebappClassLoader.java:1547)
	at org.apache.commons.dbcp.BasicDataSource.createConnectionFactory(BasicDataSource.java:1420)
	... 138 more
